{"level":"warn","message":"Ruta no encontrada /favicon.ico"}
{"level":"warn","message":"Ruta no encontrada /favicon.ico"}
{"level":"warn","message":"Ruta no encontrada /favicon.ico"}
{"level":"warn","message":"Ruta no encontrada /undefined"}
{"level":"warn","message":"Ruta no encontrada /public/images/JMV.PNG"}
{"level":"warn","message":"Ruta no encontrada /favicon.ico"}
{"level":"error"}
{"level":"warn","message":"Ruta no encontrada /favicon.ico"}
{"level":"warn","message":"Ruta no encontrada /favicon.ico"}
{"level":"warn","message":"Ruta no encontrada /favicon.ico"}
{"level":"warn","message":"Ruta no encontrada /undefined"}
{"level":"warn","message":"Ruta no encontrada /favicon.ico"}
{"level":"error"}
{"level":"warn","message":"Ruta no encontrada /favicon.ico"}
{"level":"warn","message":"Ruta no encontrada /undefined"}
{"level":"warn","message":"Ruta no encontrada /favicon.ico"}
{"level":"error"}
{"level":"warn","message":"Ruta no encontrada /favicon.ico"}
{"level":"error"}
{"level":"warn","message":"Ruta no encontrada /favicon.ico"}
{"level":"warn","message":"Ruta no encontrada /favicon.ico"}
{"level":"warn","message":"Ruta no encontrada /favicon.ico"}
{"level":"warn","message":"Ruta no encontrada /favicon.ico"}
{"level":"warn","message":"Ruta no encontrada /favicon.ico"}
{"level":"warn","message":"Ruta no encontrada /,"}
{"level":"warn","message":"Ruta no encontrada /favicon.ico"}
{"level":"warn","message":"Ruta no encontrada /,"}
{"level":"warn","message":"Ruta no encontrada /favicon.ico"}
{"level":"warn","message":"Ruta no encontrada /favicon.ico"}
{"level":"warn","message":"Ruta no encontrada /favicon.ico"}
{"level":"warn","message":"Ruta no encontrada /favicon.ico"}
{"level":"warn","message":"Ruta no encontrada /,"}
{"level":"warn","message":"Ruta no encontrada /favicon.ico"}
{"level":"warn","message":"Ruta no encontrada /favicon.ico"}
{"level":"warn","message":"Ruta no encontrada /,"}
{"level":"warn","message":"Ruta no encontrada /,"}
{"level":"warn","message":"Ruta no encontrada /favicon.ico"}
{"level":"warn","message":"Ruta no encontrada /,"}
{"level":"warn","message":"Ruta no encontrada /favicon.ico"}
{"level":"warn","message":"Ruta no encontrada /,"}
{"level":"warn","message":"Ruta no encontrada /favicon.ico"}
{"level":"warn","message":"Ruta no encontrada /favicon.ico"}
{"level":"warn","message":"Ruta no encontrada /favicon.ico"}
{"level":"warn","message":"Ruta no encontrada /,"}
{"level":"warn","message":"Ruta no encontrada /favicon.ico"}
{"level":"warn","message":"Ruta no encontrada /favicon.ico"}
{"level":"warn","message":"Ruta no encontrada /favicon.ico"}
{"level":"warn","message":"Ruta no encontrada /,"}
{"level":"warn","message":"Ruta no encontrada /favicon.ico"}
{"level":"warn","message":"Ruta no encontrada /favicon.ico"}
{"level":"warn","message":"Ruta no encontrada /,"}
{"level":"warn","message":"Ruta no encontrada /favicon.ico"}
{"level":"warn","message":"Ruta no encontrada /favicon.ico"}
{"level":"warn","message":"Ruta no encontrada /,"}
{"level":"warn","message":"Ruta no encontrada /favicon.ico"}
{"level":"warn","message":"Ruta no encontrada /favicon.ico"}
{"level":"warn","message":"Ruta no encontrada /,"}
